manage.py:7: error: Function is missing a return type annotation  [no-untyped-def]
manage.py:7: note: Use "-> None" if function does not return a value
manage.py:11: error: Cannot find implementation or library stub for module named "django.core.management"  [import-not-found]
tests/conftest.py:7: error: Cannot find implementation or library stub for module named "pytest"  [import-not-found]
tests/conftest.py:8: error: Cannot find implementation or library stub for module named "django.contrib.auth"  [import-not-found]
tests/conftest.py:12: error: Function is missing a type annotation  [no-untyped-def]
tests/conftest.py:36: error: Function is missing a type annotation  [no-untyped-def]
tests/conftest.py:60: error: Function is missing a type annotation  [no-untyped-def]
tests/users/test_views.py:12: error: Cannot find implementation or library stub for module named "pytest"  [import-not-found]
tests/users/test_views.py:13: error: Cannot find implementation or library stub for module named "django.contrib.auth"  [import-not-found]
tests/users/test_views.py:14: error: Cannot find implementation or library stub for module named "django.contrib.messages"  [import-not-found]
tests/users/test_views.py:15: error: Cannot find implementation or library stub for module named "django.urls"  [import-not-found]
tests/users/test_views.py:24: error: Function is missing a type annotation  [no-untyped-def]
tests/users/test_views.py:34: error: Function is missing a type annotation  [no-untyped-def]
tests/users/test_views.py:51: error: Function is missing a type annotation  [no-untyped-def]
tests/users/test_views.py:67: error: Function is missing a type annotation  [no-untyped-def]
tests/users/test_views.py:83: error: Function is missing a type annotation  [no-untyped-def]
tests/users/test_views.py:96: error: Function is missing a type annotation  [no-untyped-def]
tests/users/test_views.py:112: error: Function is missing a type annotation  [no-untyped-def]
tests/users/test_views.py:122: error: Function is missing a type annotation  [no-untyped-def]
tests/users/test_views.py:152: error: Function is missing a type annotation  [no-untyped-def]
tests/users/test_views.py:172: error: Function is missing a type annotation  [no-untyped-def]
tests/users/test_views.py:193: error: Function is missing a type annotation  [no-untyped-def]
tests/users/test_views.py:202: error: Function is missing a type annotation  [no-untyped-def]
tests/users/test_views.py:218: error: Function is missing a type annotation  [no-untyped-def]
tests/users/test_views.py:227: error: Function is missing a type annotation  [no-untyped-def]
tests/users/test_views.py:239: error: Function is missing a type annotation  [no-untyped-def]
tests/users/test_views.py:250: error: Function is missing a type annotation  [no-untyped-def]
tests/users/test_views.py:274: error: Function is missing a type annotation  [no-untyped-def]
tests/users/test_views.py:293: error: Function is missing a type annotation  [no-untyped-def]
tests/users/test_views.py:315: error: Function is missing a type annotation  [no-untyped-def]
tests/users/test_models.py:9: error: Cannot find implementation or library stub for module named "pytest"  [import-not-found]
tests/users/test_models.py:10: error: Cannot find implementation or library stub for module named "django.contrib.auth"  [import-not-found]
tests/users/test_models.py:11: error: Cannot find implementation or library stub for module named "django.db"  [import-not-found]
tests/users/test_models.py:20: error: Function is missing a return type annotation  [no-untyped-def]
tests/users/test_models.py:20: note: Use "-> None" if function does not return a value
tests/users/test_models.py:31: error: Function is missing a return type annotation  [no-untyped-def]
tests/users/test_models.py:31: note: Use "-> None" if function does not return a value
tests/users/test_models.py:38: error: Function is missing a return type annotation  [no-untyped-def]
tests/users/test_models.py:38: note: Use "-> None" if function does not return a value
tests/users/test_models.py:45: error: Function is missing a return type annotation  [no-untyped-def]
tests/users/test_models.py:45: note: Use "-> None" if function does not return a value
tests/users/test_models.py:51: error: Function is missing a return type annotation  [no-untyped-def]
tests/users/test_models.py:51: note: Use "-> None" if function does not return a value
tests/users/test_models.py:59: error: Function is missing a return type annotation  [no-untyped-def]
tests/users/test_models.py:59: note: Use "-> None" if function does not return a value
tests/users/test_models.py:68: error: Function is missing a return type annotation  [no-untyped-def]
tests/users/test_models.py:68: note: Use "-> None" if function does not return a value
tests/users/test_models.py:74: error: Function is missing a return type annotation  [no-untyped-def]
tests/users/test_models.py:74: note: Use "-> None" if function does not return a value
tests/users/test_models.py:80: error: Function is missing a return type annotation  [no-untyped-def]
tests/users/test_models.py:80: note: Use "-> None" if function does not return a value
tests/users/test_models.py:87: error: Function is missing a return type annotation  [no-untyped-def]
tests/users/test_models.py:87: note: Use "-> None" if function does not return a value
tests/users/test_models.py:94: error: Function is missing a return type annotation  [no-untyped-def]
tests/users/test_models.py:94: note: Use "-> None" if function does not return a value
tests/users/test_models.py:101: error: Function is missing a return type annotation  [no-untyped-def]
tests/users/test_models.py:101: note: Use "-> None" if function does not return a value
tests/users/test_models.py:112: error: Function is missing a return type annotation  [no-untyped-def]
tests/users/test_models.py:112: note: Use "-> None" if function does not return a value
tests/users/test_models.py:121: error: Function is missing a return type annotation  [no-untyped-def]
tests/users/test_models.py:121: note: Use "-> None" if function does not return a value
tests/users/test_models.py:132: error: Function is missing a return type annotation  [no-untyped-def]
tests/users/test_models.py:132: note: Use "-> None" if function does not return a value
tests/users/test_models.py:138: error: Function is missing a return type annotation  [no-untyped-def]
tests/users/test_models.py:138: note: Use "-> None" if function does not return a value
tests/users/test_models.py:143: error: Function is missing a return type annotation  [no-untyped-def]
tests/users/test_models.py:143: note: Use "-> None" if function does not return a value
tests/users/test_management_commands.py:7: error: Cannot find implementation or library stub for module named "pytest"  [import-not-found]
tests/users/test_management_commands.py:8: error: Cannot find implementation or library stub for module named "django.contrib.auth.models"  [import-not-found]
tests/users/test_management_commands.py:9: error: Cannot find implementation or library stub for module named "django.core.management"  [import-not-found]
tests/users/test_management_commands.py:16: error: Function is missing a return type annotation  [no-untyped-def]
tests/users/test_management_commands.py:16: note: Use "-> None" if function does not return a value
tests/users/test_management_commands.py:26: error: Function is missing a return type annotation  [no-untyped-def]
tests/users/test_management_commands.py:26: note: Use "-> None" if function does not return a value
tests/users/test_management_commands.py:42: error: Function is missing a return type annotation  [no-untyped-def]
tests/users/test_management_commands.py:42: note: Use "-> None" if function does not return a value
tests/users/test_management_commands.py:54: error: Function is missing a return type annotation  [no-untyped-def]
tests/users/test_management_commands.py:54: note: Use "-> None" if function does not return a value
tests/users/test_management_commands.py:66: error: Function is missing a return type annotation  [no-untyped-def]
tests/users/test_management_commands.py:66: note: Use "-> None" if function does not return a value
tests/users/test_management_commands.py:80: error: Function is missing a return type annotation  [no-untyped-def]
tests/users/test_management_commands.py:80: note: Use "-> None" if function does not return a value
tests/users/test_management_commands.py:95: error: Function is missing a return type annotation  [no-untyped-def]
tests/users/test_management_commands.py:95: note: Use "-> None" if function does not return a value
tests/users/test_management_commands.py:109: error: Function is missing a return type annotation  [no-untyped-def]
tests/users/test_management_commands.py:109: note: Use "-> None" if function does not return a value
tests/users/test_management_commands.py:119: error: Function is missing a return type annotation  [no-untyped-def]
tests/users/test_management_commands.py:119: note: Use "-> None" if function does not return a value
tests/core/apps.py:5: error: Cannot find implementation or library stub for module named "django.apps"  [import-not-found]
config/wsgi.py:12: error: Cannot find implementation or library stub for module named "django.core.wsgi"  [import-not-found]
config/settings.py:4: error: Cannot find implementation or library stub for module named "dotenv"  [import-not-found]
config/settings.py:233: error: Unsupported target for indexed assignment ("object")  [index]
config/settings.py:242: error: Unsupported target for indexed assignment ("object")  [index]
config/settings.py:252: error: Value of type "object" is not indexable  [index]
config/settings.py:253: error: Value of type "object" is not indexable  [index]
config/asgi.py:12: error: Cannot find implementation or library stub for module named "django.core.asgi"  [import-not-found]
attached_assets/Правильный координатор_1759593477327.py:7: error: Name "AbstractCache" is not defined  [name-defined]
attached_assets/Правильный координатор_1759593477327.py:8: error: Name "AbstractDatabase" is not defined  [name-defined]
attached_assets/Правильный координатор_1759593477327.py:9: error: Name "AbstractPaginator" is not defined  [name-defined]
attached_assets/Правильный координатор_1759593477327.py:10: error: Name "AbstractLogger" is not defined  [name-defined]
attached_assets/Правильный координатор_1759593477327.py:18: error: Function is missing a return type annotation  [no-untyped-def]
attached_assets/Правильный координатор_1759593477327.py:28: error: Function is missing a return type annotation  [no-untyped-def]
attached_assets/Правильный координатор_1759593477327.py:28: note: Use "-> None" if function does not return a value
attached_assets/Контекст выполнения_1759593477326.py:16: error: Function is missing a return type annotation  [no-untyped-def]
attached_assets/Контекст выполнения_1759593477326.py:18: error: "ApiClient" has no attribute "_logger"  [attr-defined]
attached_assets/Контекст выполнения_1759593477326.py:26: error: Function is missing a return type annotation  [no-untyped-def]
attached_assets/Контекст выполнения_1759593477326.py:30: error: "App" has no attribute "api_client"  [attr-defined]
attached_assets/Контекст выполнения_1759593477326.py:31: error: "App" has no attribute "cache"  [attr-defined]
attached_assets/Контекст выполнения_1759593477326.py:32: error: "App" has no attribute "deduplicator"  [attr-defined]
apps/users/managers.py:5: error: Cannot find implementation or library stub for module named "django.contrib.auth.models"  [import-not-found]
apps/users/managers.py:13: error: Function is missing a type annotation  [no-untyped-def]
apps/users/managers.py:38: error: Function is missing a type annotation  [no-untyped-def]
apps/users/migrations/0004_mark_existing_users_as_verified.py:3: error: Cannot find implementation or library stub for module named "django.db"  [import-not-found]
apps/users/migrations/0004_mark_existing_users_as_verified.py:6: error: Function is missing a type annotation  [no-untyped-def]
apps/users/migrations/0004_mark_existing_users_as_verified.py:17: error: Function is missing a type annotation  [no-untyped-def]
apps/users/migrations/0003_alter_user_verification_token.py:3: error: Cannot find implementation or library stub for module named "django.db"  [import-not-found]
apps/users/migrations/0002_user_is_email_verified_user_token_created_at_and_more.py:3: error: Cannot find implementation or library stub for module named "django.db"  [import-not-found]
apps/mailings/migrations/0008_add_run_tracking.py:3: error: Cannot find implementation or library stub for module named "django.db"  [import-not-found]
apps/mailings/migrations/0007_mailing_successfully_sent.py:3: error: Cannot find implementation or library stub for module named "django.db"  [import-not-found]
apps/mailings/migrations/0006_add_trigger_type_to_attempt.py:3: error: Cannot find implementation or library stub for module named "django.db"  [import-not-found]
apps/mailings/migrations/0005_add_can_view_all_mailings_permission.py:3: error: Cannot find implementation or library stub for module named "django.db"  [import-not-found]
apps/mailings/migrations/0004_alter_message_options_alter_recipient_options.py:3: error: Cannot find implementation or library stub for module named "django.db"  [import-not-found]
apps/mailings/migrations/0003_attempt_recipient.py:3: error: Cannot find implementation or library stub for module named "django.db.models.deletion"  [import-not-found]
apps/mailings/migrations/0003_attempt_recipient.py:3: error: Cannot find implementation or library stub for module named "django.db.models"  [import-not-found]
apps/mailings/migrations/0003_attempt_recipient.py:3: error: Cannot find implementation or library stub for module named "django.db"  [import-not-found]
apps/mailings/migrations/0003_attempt_recipient.py:3: error: Cannot find implementation or library stub for module named "django"  [import-not-found]
apps/mailings/migrations/0002_initial.py:3: error: Cannot find implementation or library stub for module named "django.db.models.deletion"  [import-not-found]
apps/mailings/migrations/0002_initial.py:3: error: Cannot find implementation or library stub for module named "django.db.models"  [import-not-found]
apps/mailings/migrations/0002_initial.py:3: error: Cannot find implementation or library stub for module named "django.db"  [import-not-found]
apps/mailings/migrations/0002_initial.py:3: error: Cannot find implementation or library stub for module named "django"  [import-not-found]
apps/mailings/migrations/0002_initial.py:4: error: Cannot find implementation or library stub for module named "django.conf"  [import-not-found]
apps/mailings/migrations/0001_initial.py:3: error: Cannot find implementation or library stub for module named "django.db"  [import-not-found]
apps/mailings/migrations/0001_initial.py:10: error: Need type annotation for "dependencies" (hint: "dependencies: list[<type>] = ...")  [var-annotated]
apps/core/permissions.py:28: error: Returning Any from function declared to return "bool"  [no-any-return]
apps/core/permissions.py:53: error: Returning Any from function declared to return "bool"  [no-any-return]
apps/core/models.py:1: error: Cannot find implementation or library stub for module named "django.conf"  [import-not-found]
apps/core/models.py:2: error: Cannot find implementation or library stub for module named "django.db"  [import-not-found]
apps/core/models.py:31: error: Function is missing a return type annotation  [no-untyped-def]
apps/core/models.py:31: note: Use "-> None" if function does not return a value
apps/core/models.py:36: error: Function is missing a return type annotation  [no-untyped-def]
apps/core/models.py:36: note: Use "-> None" if function does not return a value
apps/core/models.py:63: error: Function is missing a type annotation  [no-untyped-def]
apps/core/models.py:67: error: Function is missing a type annotation  [no-untyped-def]
apps/core/models.py:76: error: Function is missing a type annotation  [no-untyped-def]
apps/core/middleware.py:5: error: Cannot find implementation or library stub for module named "django.contrib"  [import-not-found]
apps/core/middleware.py:6: error: Cannot find implementation or library stub for module named "django.contrib.auth"  [import-not-found]
apps/core/middleware.py:6: note: See https://mypy.readthedocs.io/en/stable/running_mypy.html#missing-imports
apps/core/middleware.py:7: error: Cannot find implementation or library stub for module named "django.shortcuts"  [import-not-found]
apps/core/middleware.py:8: error: Cannot find implementation or library stub for module named "django.urls"  [import-not-found]
apps/core/middleware.py:19: error: Function is missing a type annotation  [no-untyped-def]
apps/core/middleware.py:22: error: Function is missing a type annotation  [no-untyped-def]
tests/core/models.py:7: error: Cannot find implementation or library stub for module named "django.db"  [import-not-found]
config/settings_test.py:24: error: Function is missing a type annotation  [no-untyped-def]
config/settings_test.py:27: error: Function is missing a type annotation  [no-untyped-def]
apps/users/models.py:7: error: Cannot find implementation or library stub for module named "django.contrib.auth.models"  [import-not-found]
apps/users/models.py:8: error: Cannot find implementation or library stub for module named "django.db"  [import-not-found]
apps/users/models.py:72: error: Function is missing a type annotation  [no-untyped-def]
apps/users/models.py:75: error: Function is missing a return type annotation  [no-untyped-def]
apps/users/models.py:79: error: Function is missing a return type annotation  [no-untyped-def]
apps/users/migrations/0001_initial.py:3: error: Cannot find implementation or library stub for module named "django.contrib.auth.validators"  [import-not-found]
apps/users/migrations/0001_initial.py:3: error: Cannot find implementation or library stub for module named "django.contrib.auth"  [import-not-found]
apps/users/migrations/0001_initial.py:3: error: Cannot find implementation or library stub for module named "django.contrib"  [import-not-found]
apps/users/migrations/0001_initial.py:3: error: Cannot find implementation or library stub for module named "django"  [import-not-found]
apps/users/migrations/0001_initial.py:4: error: Cannot find implementation or library stub for module named "django.utils.timezone"  [import-not-found]
apps/users/migrations/0001_initial.py:4: error: Cannot find implementation or library stub for module named "django.utils"  [import-not-found]
apps/users/migrations/0001_initial.py:5: error: Cannot find implementation or library stub for module named "django.db"  [import-not-found]
apps/mailings/models.py:7: error: Cannot find implementation or library stub for module named "django.db"  [import-not-found]
apps/mailings/models.py:40: error: Function is missing a type annotation  [no-untyped-def]
apps/mailings/models.py:66: error: Function is missing a type annotation  [no-untyped-def]
apps/mailings/models.py:143: error: Function is missing a type annotation  [no-untyped-def]
apps/mailings/models.py:228: error: Function is missing a type annotation  [no-untyped-def]
tests/users/test_email_verification.py:14: error: Cannot find implementation or library stub for module named "pytest"  [import-not-found]
tests/users/test_email_verification.py:15: error: Cannot find implementation or library stub for module named "django.contrib.auth"  [import-not-found]
tests/users/test_email_verification.py:16: error: Cannot find implementation or library stub for module named "django.core"  [import-not-found]
tests/users/test_email_verification.py:17: error: Cannot find implementation or library stub for module named "django.urls"  [import-not-found]
tests/users/test_email_verification.py:18: error: Cannot find implementation or library stub for module named "django.utils"  [import-not-found]
tests/users/test_email_verification.py:27: error: Function is missing a type annotation  [no-untyped-def]
tests/users/test_email_verification.py:48: error: Function is missing a type annotation  [no-untyped-def]
tests/users/test_email_verification.py:66: error: Function is missing a type annotation  [no-untyped-def]
tests/users/test_email_verification.py:87: error: Function is missing a type annotation  [no-untyped-def]
tests/users/test_email_verification.py:108: error: Function is missing a type annotation  [no-untyped-def]
tests/users/test_email_verification.py:116: error: Function is missing a type annotation  [no-untyped-def]
tests/users/test_email_verification.py:135: error: Function is missing a type annotation  [no-untyped-def]
tests/users/test_email_verification.py:156: error: Function is missing a type annotation  [no-untyped-def]
tests/users/test_email_verification.py:169: error: Function is missing a type annotation  [no-untyped-def]
tests/users/test_email_verification.py:182: error: Function is missing a type annotation  [no-untyped-def]
tests/users/test_email_verification.py:195: error: Function is missing a type annotation  [no-untyped-def]
tests/users/test_email_verification.py:212: error: Function is missing a type annotation  [no-untyped-def]
tests/mailings/test_views.py:13: error: Cannot find implementation or library stub for module named "pytest"  [import-not-found]
tests/mailings/test_views.py:14: error: Cannot find implementation or library stub for module named "django.contrib.auth"  [import-not-found]
tests/mailings/test_views.py:15: error: Cannot find implementation or library stub for module named "django.urls"  [import-not-found]
tests/mailings/test_views.py:16: error: Cannot find implementation or library stub for module named "django.utils"  [import-not-found]
tests/mailings/test_views.py:24: error: Function is missing a type annotation  [no-untyped-def]
tests/mailings/test_views.py:33: error: Function is missing a type annotation  [no-untyped-def]
tests/mailings/test_views.py:42: error: Function is missing a type annotation  [no-untyped-def]
tests/mailings/test_views.py:48: error: Function is missing a type annotation  [no-untyped-def]
tests/mailings/test_views.py:54: error: Function is missing a type annotation  [no-untyped-def]
tests/mailings/test_views.py:60: error: Function is missing a type annotation  [no-untyped-def]
tests/mailings/test_views.py:66: error: Function is missing a type annotation  [no-untyped-def]
tests/mailings/test_views.py:76: error: Function is missing a type annotation  [no-untyped-def]
tests/mailings/test_views.py:91: error: Function is missing a type annotation  [no-untyped-def]
tests/mailings/test_views.py:103: error: Function is missing a type annotation  [no-untyped-def]
tests/mailings/test_views.py:118: error: Function is missing a type annotation  [no-untyped-def]
tests/mailings/test_views.py:127: error: Function is missing a type annotation  [no-untyped-def]
tests/mailings/test_views.py:142: error: Function is missing a type annotation  [no-untyped-def]
tests/mailings/test_views.py:151: error: Function is missing a type annotation  [no-untyped-def]
tests/mailings/test_views.py:161: error: Function is missing a type annotation  [no-untyped-def]
tests/mailings/test_views.py:187: error: Function is missing a type annotation  [no-untyped-def]
tests/mailings/test_views.py:196: error: Function is missing a type annotation  [no-untyped-def]
tests/mailings/test_views.py:207: error: Function is missing a type annotation  [no-untyped-def]
tests/mailings/test_views.py:228: error: Function is missing a type annotation  [no-untyped-def]
tests/mailings/test_views.py:242: error: Function is missing a type annotation  [no-untyped-def]
tests/mailings/test_views.py:251: error: Function is missing a type annotation  [no-untyped-def]
tests/mailings/test_views.py:261: error: Function is missing a type annotation  [no-untyped-def]
tests/mailings/test_views.py:274: error: Function is missing a type annotation  [no-untyped-def]
tests/mailings/test_views.py:287: error: Function is missing a type annotation  [no-untyped-def]
tests/mailings/test_views.py:296: error: Function is missing a type annotation  [no-untyped-def]
tests/mailings/test_views.py:311: error: Function is missing a type annotation  [no-untyped-def]
tests/mailings/test_views.py:320: error: Function is missing a type annotation  [no-untyped-def]
tests/mailings/test_views.py:343: error: Function is missing a type annotation  [no-untyped-def]
tests/mailings/test_views.py:356: error: Function is missing a type annotation  [no-untyped-def]
tests/mailings/test_views.py:373: error: Function is missing a type annotation  [no-untyped-def]
tests/mailings/test_views.py:382: error: Function is missing a type annotation  [no-untyped-def]
tests/mailings/test_views.py:397: error: Function is missing a type annotation  [no-untyped-def]
tests/mailings/test_views.py:406: error: Function is missing a type annotation  [no-untyped-def]
tests/mailings/test_views.py:416: error: Function is missing a type annotation  [no-untyped-def]
tests/mailings/test_views.py:442: error: Function is missing a type annotation  [no-untyped-def]
tests/mailings/test_views.py:459: error: Function is missing a type annotation  [no-untyped-def]
tests/mailings/test_views.py:468: error: Function is missing a type annotation  [no-untyped-def]
tests/mailings/test_views.py:485: error: Function is missing a type annotation  [no-untyped-def]
tests/mailings/test_views.py:498: error: Function is missing a type annotation  [no-untyped-def]
tests/mailings/test_models.py:13: error: Cannot find implementation or library stub for module named "pytest"  [import-not-found]
tests/mailings/test_models.py:14: error: Cannot find implementation or library stub for module named "django.contrib.auth"  [import-not-found]
tests/mailings/test_models.py:15: error: Cannot find implementation or library stub for module named "django.utils"  [import-not-found]
tests/mailings/test_models.py:23: error: Function is missing a type annotation  [no-untyped-def]
tests/mailings/test_models.py:29: error: Function is missing a type annotation  [no-untyped-def]
tests/mailings/test_models.py:38: error: Function is missing a type annotation  [no-untyped-def]
tests/mailings/test_models.py:50: error: Function is missing a type annotation  [no-untyped-def]
tests/mailings/test_models.py:57: error: Function is missing a type annotation  [no-untyped-def]
tests/mailings/test_models.py:62: error: Cannot find implementation or library stub for module named "django.db"  [import-not-found]
tests/mailings/test_models.py:68: error: Function is missing a type annotation  [no-untyped-def]
tests/mailings/test_models.py:78: error: Function is missing a type annotation  [no-untyped-def]
tests/mailings/test_models.py:92: error: Function is missing a type annotation  [no-untyped-def]
tests/mailings/test_models.py:101: error: Function is missing a type annotation  [no-untyped-def]
tests/mailings/test_models.py:108: error: Function is missing a type annotation  [no-untyped-def]
tests/mailings/test_models.py:120: error: Function is missing a type annotation  [no-untyped-def]
tests/mailings/test_models.py:133: error: Function is missing a type annotation  [no-untyped-def]
tests/mailings/test_models.py:155: error: Function is missing a type annotation  [no-untyped-def]
tests/mailings/test_models.py:174: error: Function is missing a type annotation  [no-untyped-def]
tests/mailings/test_models.py:186: error: Function is missing a return type annotation  [no-untyped-def]
tests/mailings/test_models.py:186: note: Use "-> None" if function does not return a value
tests/mailings/test_models.py:196: error: Function is missing a type annotation  [no-untyped-def]
tests/mailings/test_models.py:217: error: Function is missing a type annotation  [no-untyped-def]
tests/mailings/test_models.py:237: error: Function is missing a type annotation  [no-untyped-def]
tests/mailings/test_models.py:254: error: Function is missing a type annotation  [no-untyped-def]
tests/mailings/test_models.py:271: error: Function is missing a type annotation  [no-untyped-def]
tests/mailings/test_management_commands.py:9: error: Cannot find implementation or library stub for module named "pytest"  [import-not-found]
tests/mailings/test_management_commands.py:10: error: Cannot find implementation or library stub for module named "django.core.management"  [import-not-found]
tests/mailings/test_management_commands.py:11: error: Cannot find implementation or library stub for module named "django.utils"  [import-not-found]
tests/mailings/test_management_commands.py:17: error: Function is missing a type annotation  [no-untyped-def]
tests/mailings/test_management_commands.py:23: error: Function is missing a type annotation  [no-untyped-def]
tests/mailings/test_management_commands.py:29: error: Function is missing a type annotation  [no-untyped-def]
tests/mailings/test_management_commands.py:38: error: Function is missing a type annotation  [no-untyped-def]
tests/mailings/test_management_commands.py:52: error: Function is missing a type annotation  [no-untyped-def]
tests/mailings/test_management_commands.py:70: error: Function is missing a type annotation  [no-untyped-def]
tests/mailings/test_management_commands.py:81: error: Function is missing a type annotation  [no-untyped-def]
tests/mailings/test_management_commands.py:93: error: Function is missing a type annotation  [no-untyped-def]
tests/mailings/test_management_commands.py:105: error: Function is missing a type annotation  [no-untyped-def]
tests/mailings/test_management_commands.py:118: error: Function is missing a type annotation  [no-untyped-def]
tests/mailings/test_management_commands.py:122: error: Function is missing a type annotation  [no-untyped-def]
tests/mailings/test_management_commands.py:135: error: Function is missing a type annotation  [no-untyped-def]
tests/mailings/test_management_commands.py:146: error: Function is missing a type annotation  [no-untyped-def]
tests/mailings/test_management_commands.py:156: error: Function is missing a type annotation  [no-untyped-def]
tests/mailings/test_management_commands.py:171: error: Function is missing a type annotation  [no-untyped-def]
tests/mailings/test_management_commands.py:188: error: Function is missing a return type annotation  [no-untyped-def]
tests/mailings/test_management_commands.py:188: note: Use "-> None" if function does not return a value
tests/mailings/test_management_commands.py:198: error: Function is missing a type annotation  [no-untyped-def]
tests/mailings/test_management_commands.py:210: error: Function is missing a type annotation  [no-untyped-def]
tests/mailings/test_cache.py:10: error: Cannot find implementation or library stub for module named "pytest"  [import-not-found]
tests/mailings/test_cache.py:11: error: Cannot find implementation or library stub for module named "django.contrib.auth"  [import-not-found]
tests/mailings/test_cache.py:12: error: Cannot find implementation or library stub for module named "django.core.cache"  [import-not-found]
tests/mailings/test_cache.py:13: error: Cannot find implementation or library stub for module named "django.utils"  [import-not-found]
tests/mailings/test_cache.py:21: error: Function is missing a type annotation  [no-untyped-def]
tests/mailings/test_cache.py:30: error: Function is missing a type annotation  [no-untyped-def]
tests/mailings/test_cache.py:39: error: Function is missing a type annotation  [no-untyped-def]
tests/mailings/test_cache.py:61: error: Function is missing a type annotation  [no-untyped-def]
tests/mailings/test_cache.py:84: error: Function is missing a type annotation  [no-untyped-def]
tests/mailings/test_cache.py:108: error: Function is missing a type annotation  [no-untyped-def]
tests/mailings/test_cache.py:121: error: Function is missing a type annotation  [no-untyped-def]
tests/mailings/test_cache.py:137: error: Function is missing a type annotation  [no-untyped-def]
tests/mailings/test_cache.py:155: error: Function is missing a type annotation  [no-untyped-def]
tests/mailings/test_cache.py:188: error: Function is missing a type annotation  [no-untyped-def]
tests/mailings/test_cache.py:218: error: Function is missing a type annotation  [no-untyped-def]
tests/mailings/test_cache.py:252: error: Function is missing a type annotation  [no-untyped-def]
tests/core/test_permissions.py:9: error: Cannot find implementation or library stub for module named "pytest"  [import-not-found]
tests/core/test_permissions.py:10: error: Cannot find implementation or library stub for module named "django.contrib.auth"  [import-not-found]
tests/core/test_permissions.py:11: error: Cannot find implementation or library stub for module named "django.contrib.auth.models"  [import-not-found]
tests/core/test_permissions.py:23: error: Function is missing a type annotation  [no-untyped-def]
tests/core/test_permissions.py:30: error: Function is missing a type annotation  [no-untyped-def]
tests/core/test_permissions.py:38: error: Function is missing a type annotation  [no-untyped-def]
tests/core/test_permissions.py:46: error: Function is missing a type annotation  [no-untyped-def]
tests/core/test_permissions.py:53: error: Function is missing a type annotation  [no-untyped-def]
tests/core/test_permissions.py:60: error: Function is missing a return type annotation  [no-untyped-def]
tests/core/test_permissions.py:60: note: Use "-> None" if function does not return a value
tests/core/test_permissions.py:67: error: Function is missing a return type annotation  [no-untyped-def]
tests/core/test_permissions.py:67: note: Use "-> None" if function does not return a value
tests/core/test_permissions.py:74: error: Function is missing a type annotation  [no-untyped-def]
tests/core/test_permissions.py:82: error: Function is missing a type annotation  [no-untyped-def]
tests/core/test_permissions.py:87: error: Function is missing a return type annotation  [no-untyped-def]
tests/core/test_permissions.py:87: note: Use "-> None" if function does not return a value
tests/core/test_permissions.py:94: error: Function is missing a return type annotation  [no-untyped-def]
tests/core/test_permissions.py:94: note: Use "-> None" if function does not return a value
tests/core/test_permissions.py:99: error: Function is missing a type annotation  [no-untyped-def]
tests/core/test_permissions.py:109: error: Function is missing a type annotation  [no-untyped-def]
tests/core/test_permissions.py:116: error: Function is missing a type annotation  [no-untyped-def]
tests/core/test_permissions.py:124: error: Function is missing a type annotation  [no-untyped-def]
tests/core/test_permissions.py:131: error: Function is missing a type annotation  [no-untyped-def]
tests/core/test_permissions.py:139: error: Function is missing a type annotation  [no-untyped-def]
tests/core/test_permissions.py:149: error: Function is missing a type annotation  [no-untyped-def]
tests/core/test_permissions.py:156: error: Function is missing a type annotation  [no-untyped-def]
tests/core/test_permissions.py:164: error: Function is missing a type annotation  [no-untyped-def]
tests/core/test_permissions.py:174: error: Function is missing a return type annotation  [no-untyped-def]
tests/core/test_permissions.py:174: note: Use "-> None" if function does not return a value
tests/core/test_permissions.py:183: error: Function is missing a type annotation  [no-untyped-def]
tests/core/test_permissions.py:188: error: Function is missing a return type annotation  [no-untyped-def]
tests/core/test_permissions.py:188: note: Use "-> None" if function does not return a value
tests/core/test_permissions.py:197: error: Function is missing a type annotation  [no-untyped-def]
tests/core/test_permissions.py:206: error: Function is missing a type annotation  [no-untyped-def]
tests/core/test_permissions.py:214: error: Function is missing a type annotation  [no-untyped-def]
tests/core/test_permissions.py:221: error: Function is missing a type annotation  [no-untyped-def]
tests/core/test_permissions.py:228: error: Function is missing a type annotation  [no-untyped-def]
tests/core/test_permissions.py:238: error: Function is missing a type annotation  [no-untyped-def]
tests/core/test_permissions.py:245: error: Function is missing a type annotation  [no-untyped-def]
tests/core/test_permissions.py:255: error: Function is missing a type annotation  [no-untyped-def]
tests/core/test_permissions.py:262: error: Function is missing a type annotation  [no-untyped-def]
tests/core/test_permissions.py:272: error: Function is missing a return type annotation  [no-untyped-def]
tests/core/test_permissions.py:272: note: Use "-> None" if function does not return a value
tests/core/test_permissions.py:281: error: Function is missing a type annotation  [no-untyped-def]
tests/core/test_permissions.py:286: error: Function is missing a return type annotation  [no-untyped-def]
tests/core/test_permissions.py:286: note: Use "-> None" if function does not return a value
tests/core/test_permissions.py:295: error: Function is missing a type annotation  [no-untyped-def]
tests/core/test_permissions.py:300: error: Function is missing a type annotation  [no-untyped-def]
tests/core/test_permissions.py:307: error: Function is missing a return type annotation  [no-untyped-def]
tests/core/test_permissions.py:307: note: Use "-> None" if function does not return a value
tests/core/test_permissions.py:316: error: Function is missing a return type annotation  [no-untyped-def]
tests/core/test_permissions.py:316: note: Use "-> None" if function does not return a value
tests/core/test_models.py:9: error: Cannot find implementation or library stub for module named "pytest"  [import-not-found]
tests/core/test_models.py:10: error: Cannot find implementation or library stub for module named "django.contrib.auth"  [import-not-found]
tests/core/test_models.py:11: error: Cannot find implementation or library stub for module named "django.utils"  [import-not-found]
tests/core/test_models.py:22: error: Function is missing a return type annotation  [no-untyped-def]
tests/core/test_models.py:22: note: Use "-> None" if function does not return a value
tests/core/test_models.py:31: error: Function is missing a return type annotation  [no-untyped-def]
tests/core/test_models.py:31: note: Use "-> None" if function does not return a value
tests/core/test_models.py:40: error: Function is missing a return type annotation  [no-untyped-def]
tests/core/test_models.py:40: note: Use "-> None" if function does not return a value
tests/core/test_models.py:56: error: Function is missing a return type annotation  [no-untyped-def]
tests/core/test_models.py:56: note: Use "-> None" if function does not return a value
tests/core/test_models.py:63: error: Function is missing a return type annotation  [no-untyped-def]
tests/core/test_models.py:63: note: Use "-> None" if function does not return a value
tests/core/test_models.py:75: error: Function is missing a return type annotation  [no-untyped-def]
tests/core/test_models.py:75: note: Use "-> None" if function does not return a value
tests/core/test_models.py:86: error: Function is missing a return type annotation  [no-untyped-def]
tests/core/test_models.py:86: note: Use "-> None" if function does not return a value
tests/core/test_models.py:99: error: Function is missing a return type annotation  [no-untyped-def]
tests/core/test_models.py:99: note: Use "-> None" if function does not return a value
tests/core/test_models.py:120: error: Function is missing a type annotation  [no-untyped-def]
tests/core/test_models.py:122: error: Cannot find implementation or library stub for module named "django.db"  [import-not-found]
tests/core/test_models.py:129: error: Function is missing a type annotation  [no-untyped-def]
tests/core/test_models.py:137: error: Function is missing a type annotation  [no-untyped-def]
tests/core/test_models.py:148: error: Function is missing a type annotation  [no-untyped-def]
tests/core/test_models.py:157: error: Function is missing a type annotation  [no-untyped-def]
tests/core/test_models.py:164: error: Function is missing a type annotation  [no-untyped-def]
tests/core/test_models.py:171: error: Function is missing a type annotation  [no-untyped-def]
tests/core/test_models.py:178: error: Function is missing a type annotation  [no-untyped-def]
tests/core/test_models.py:185: error: Function is missing a type annotation  [no-untyped-def]
tests/core/test_models.py:193: error: Function is missing a type annotation  [no-untyped-def]
tests/core/test_models.py:200: error: Function is missing a type annotation  [no-untyped-def]
tests/core/test_models.py:207: error: Function is missing a type annotation  [no-untyped-def]
tests/core/test_models.py:215: error: Function is missing a type annotation  [no-untyped-def]
tests/core/conftest.py:5: error: Cannot find implementation or library stub for module named "pytest"  [import-not-found]
tests/core/conftest.py:11: error: Function is missing a type annotation  [no-untyped-def]
tests/core/conftest.py:22: error: Function is missing a type annotation  [no-untyped-def]
attached_assets/Глобальный контекст_1759593477325.py:4: error: Name "Optional" is not defined  [name-defined]
attached_assets/Глобальный контекст_1759593477325.py:4: note: Did you forget to import it from "typing"? (Suggestion: "from typing import Optional")
attached_assets/Глобальный контекст_1759593477325.py:10: error: Function is missing a return type annotation  [no-untyped-def]
attached_assets/Глобальный контекст_1759593477325.py:10: error: Name "RequestContext" is not defined  [name-defined]
attached_assets/Глобальный контекст_1759593477325.py:12: error: Function is missing a type annotation  [no-untyped-def]
attached_assets/Глобальный контекст_1759593477325.py:13: error: Function is missing a type annotation  [no-untyped-def]
attached_assets/Глобальный контекст_1759593477325.py:25: error: Function is missing a return type annotation  [no-untyped-def]
attached_assets/Глобальный контекст_1759593477325.py:32: error: "Cache" has no attribute "_backend"  [attr-defined]
attached_assets/Глобальный контекст_1759593477325.py:37: error: Name "RequestContext" is not defined  [name-defined]
attached_assets/Глобальный контекст_1759593477325.py:38: error: Function is missing a return type annotation  [no-untyped-def]
attached_assets/Глобальный контекст_1759593477325.py:39: error: "App" has no attribute "api_client"  [attr-defined]
attached_assets/Глобальный контекст_1759593477325.py:40: error: "App" has no attribute "cache"  [attr-defined]
apps/users/forms.py:3: error: Cannot find implementation or library stub for module named "django"  [import-not-found]
apps/users/forms.py:4: error: Cannot find implementation or library stub for module named "django.contrib.auth"  [import-not-found]
apps/users/forms.py:5: error: Cannot find implementation or library stub for module named "django.contrib.auth.forms"  [import-not-found]
apps/users/forms.py:6: error: Cannot find implementation or library stub for module named "django.utils"  [import-not-found]
apps/users/forms.py:45: error: Function is missing a return type annotation  [no-untyped-def]
apps/users/forms.py:80: error: Function is missing a type annotation  [no-untyped-def]
apps/users/admin.py:1: error: Cannot find implementation or library stub for module named "django.contrib"  [import-not-found]
apps/users/admin.py:2: error: Cannot find implementation or library stub for module named "django.contrib.auth.admin"  [import-not-found]
apps/users/management/commands/create_managers_group.py:5: error: Cannot find implementation or library stub for module named "django.contrib.auth.models"  [import-not-found]
apps/users/management/commands/create_managers_group.py:6: error: Cannot find implementation or library stub for module named "django.contrib.contenttypes.models"  [import-not-found]
apps/users/management/commands/create_managers_group.py:7: error: Cannot find implementation or library stub for module named "django.core.management.base"  [import-not-found]
apps/users/management/commands/create_managers_group.py:23: error: Function is missing a type annotation  [no-untyped-def]
apps/mailings/signals.py:21: error: Cannot find implementation or library stub for module named "django.core.cache"  [import-not-found]
apps/mailings/signals.py:22: error: Cannot find implementation or library stub for module named "django.db.models.signals"  [import-not-found]
apps/mailings/signals.py:23: error: Cannot find implementation or library stub for module named "django.dispatch"  [import-not-found]
apps/mailings/signals.py:28: error: Function is missing a type annotation  [no-untyped-def]
apps/mailings/signals.py:46: error: Function is missing a type annotation  [no-untyped-def]
apps/mailings/signals.py:65: error: Function is missing a type annotation  [no-untyped-def]
apps/mailings/signals.py:78: error: Function is missing a type annotation  [no-untyped-def]
apps/mailings/signals.py:95: error: Function is missing a type annotation  [no-untyped-def]
apps/mailings/forms.py:1: error: Cannot find implementation or library stub for module named "django"  [import-not-found]
apps/mailings/forms.py:65: error: Function is missing a type annotation  [no-untyped-def]
apps/mailings/forms.py:93: error: Function is missing a type annotation  [no-untyped-def]
apps/mailings/forms.py:101: error: Function is missing a type annotation  [no-untyped-def]
apps/mailings/forms.py:107: error: Cannot find implementation or library stub for module named "django.db.models"  [import-not-found]
apps/mailings/admin.py:1: error: Cannot find implementation or library stub for module named "django.contrib"  [import-not-found]
apps/mailings/admin.py:38: error: Function is missing a type annotation  [no-untyped-def]
apps/mailings/admin.py:41: error: "Callable[[MailingAdmin, Any], Any]" has no attribute "short_description"  [attr-defined]
tests/users/test_forms.py:10: error: Cannot find implementation or library stub for module named "pytest"  [import-not-found]
tests/users/test_forms.py:11: error: Cannot find implementation or library stub for module named "django.contrib.auth"  [import-not-found]
tests/users/test_forms.py:22: error: Function is missing a type annotation  [no-untyped-def]
tests/users/test_forms.py:35: error: Function is missing a type annotation  [no-untyped-def]
tests/users/test_forms.py:48: error: Function is missing a return type annotation  [no-untyped-def]
tests/users/test_forms.py:48: note: Use "-> None" if function does not return a value
tests/users/test_forms.py:60: error: Function is missing a return type annotation  [no-untyped-def]
tests/users/test_forms.py:60: note: Use "-> None" if function does not return a value
tests/users/test_forms.py:73: error: Function is missing a return type annotation  [no-untyped-def]
tests/users/test_forms.py:73: note: Use "-> None" if function does not return a value
tests/users/test_forms.py:85: error: Function is missing a return type annotation  [no-untyped-def]
tests/users/test_forms.py:85: note: Use "-> None" if function does not return a value
tests/users/test_forms.py:90: error: Function is missing a return type annotation  [no-untyped-def]
tests/users/test_forms.py:90: note: Use "-> None" if function does not return a value
tests/users/test_forms.py:100: error: Function is missing a return type annotation  [no-untyped-def]
tests/users/test_forms.py:100: note: Use "-> None" if function does not return a value
tests/users/test_forms.py:114: error: Function is missing a return type annotation  [no-untyped-def]
tests/users/test_forms.py:114: note: Use "-> None" if function does not return a value
tests/users/test_forms.py:128: error: Function is missing a type annotation  [no-untyped-def]
tests/users/test_forms.py:142: error: Function is missing a return type annotation  [no-untyped-def]
tests/users/test_forms.py:142: note: Use "-> None" if function does not return a value
tests/users/test_forms.py:156: error: Function is missing a return type annotation  [no-untyped-def]
tests/users/test_forms.py:156: note: Use "-> None" if function does not return a value
tests/users/test_forms.py:170: error: Function is missing a return type annotation  [no-untyped-def]
tests/users/test_forms.py:170: note: Use "-> None" if function does not return a value
tests/users/test_forms.py:187: error: Function is missing a return type annotation  [no-untyped-def]
tests/users/test_forms.py:187: note: Use "-> None" if function does not return a value
tests/users/test_forms.py:203: error: Function is missing a return type annotation  [no-untyped-def]
tests/users/test_forms.py:203: note: Use "-> None" if function does not return a value
tests/users/test_forms.py:208: error: Function is missing a return type annotation  [no-untyped-def]
tests/users/test_forms.py:208: note: Use "-> None" if function does not return a value
tests/users/test_forms.py:213: error: Function is missing a return type annotation  [no-untyped-def]
tests/users/test_forms.py:213: note: Use "-> None" if function does not return a value
tests/users/test_forms.py:223: error: Function is missing a type annotation  [no-untyped-def]
tests/users/test_forms.py:238: error: Function is missing a type annotation  [no-untyped-def]
tests/users/test_forms.py:257: error: Function is missing a return type annotation  [no-untyped-def]
tests/users/test_forms.py:257: note: Use "-> None" if function does not return a value
tests/users/test_forms.py:266: error: Function is missing a return type annotation  [no-untyped-def]
tests/users/test_forms.py:266: note: Use "-> None" if function does not return a value
tests/users/test_forms.py:271: error: Function is missing a return type annotation  [no-untyped-def]
tests/users/test_forms.py:271: note: Use "-> None" if function does not return a value
tests/users/test_forms.py:276: error: Function is missing a return type annotation  [no-untyped-def]
tests/users/test_forms.py:276: note: Use "-> None" if function does not return a value
tests/users/test_forms.py:281: error: Function is missing a return type annotation  [no-untyped-def]
tests/users/test_forms.py:281: note: Use "-> None" if function does not return a value
tests/users/test_forms.py:287: error: Function is missing a type annotation  [no-untyped-def]
tests/mailings/test_forms.py:13: error: Cannot find implementation or library stub for module named "pytest"  [import-not-found]
tests/mailings/test_forms.py:14: error: Cannot find implementation or library stub for module named "django.contrib.auth"  [import-not-found]
tests/mailings/test_forms.py:15: error: Cannot find implementation or library stub for module named "django.utils"  [import-not-found]
tests/mailings/test_forms.py:24: error: Function is missing a type annotation  [no-untyped-def]
tests/mailings/test_forms.py:30: error: Function is missing a type annotation  [no-untyped-def]
tests/mailings/test_forms.py:36: error: Function is missing a type annotation  [no-untyped-def]
tests/mailings/test_forms.py:42: error: Function is missing a type annotation  [no-untyped-def]
tests/mailings/test_forms.py:48: error: Function is missing a type annotation  [no-untyped-def]
tests/mailings/test_forms.py:54: error: Function is missing a type annotation  [no-untyped-def]
tests/mailings/test_forms.py:63: error: Function is missing a return type annotation  [no-untyped-def]
tests/mailings/test_forms.py:63: note: Use "-> None" if function does not return a value
tests/mailings/test_forms.py:77: error: Function is missing a type annotation  [no-untyped-def]
tests/mailings/test_forms.py:97: error: Function is missing a return type annotation  [no-untyped-def]
tests/mailings/test_forms.py:97: note: Use "-> None" if function does not return a value
tests/mailings/test_forms.py:110: error: Function is missing a return type annotation  [no-untyped-def]
tests/mailings/test_forms.py:110: note: Use "-> None" if function does not return a value
tests/mailings/test_forms.py:122: error: Function is missing a return type annotation  [no-untyped-def]
tests/mailings/test_forms.py:122: note: Use "-> None" if function does not return a value
tests/mailings/test_forms.py:130: error: Function is missing a return type annotation  [no-untyped-def]
tests/mailings/test_forms.py:130: note: Use "-> None" if function does not return a value
tests/mailings/test_forms.py:135: error: Function is missing a return type annotation  [no-untyped-def]
tests/mailings/test_forms.py:135: note: Use "-> None" if function does not return a value
tests/mailings/test_forms.py:140: error: Function is missing a return type annotation  [no-untyped-def]
tests/mailings/test_forms.py:140: note: Use "-> None" if function does not return a value
tests/mailings/test_forms.py:150: error: Function is missing a return type annotation  [no-untyped-def]
tests/mailings/test_forms.py:150: note: Use "-> None" if function does not return a value
tests/mailings/test_forms.py:163: error: Function is missing a type annotation  [no-untyped-def]
tests/mailings/test_forms.py:181: error: Function is missing a return type annotation  [no-untyped-def]
tests/mailings/test_forms.py:181: note: Use "-> None" if function does not return a value
tests/mailings/test_forms.py:194: error: Function is missing a return type annotation  [no-untyped-def]
tests/mailings/test_forms.py:194: note: Use "-> None" if function does not return a value
tests/mailings/test_forms.py:206: error: Function is missing a return type annotation  [no-untyped-def]
tests/mailings/test_forms.py:206: note: Use "-> None" if function does not return a value
tests/mailings/test_forms.py:213: error: Function is missing a return type annotation  [no-untyped-def]
tests/mailings/test_forms.py:213: note: Use "-> None" if function does not return a value
tests/mailings/test_forms.py:218: error: Function is missing a return type annotation  [no-untyped-def]
tests/mailings/test_forms.py:218: note: Use "-> None" if function does not return a value
tests/mailings/test_forms.py:228: error: Function is missing a type annotation  [no-untyped-def]
tests/mailings/test_forms.py:247: error: Function is missing a type annotation  [no-untyped-def]
tests/mailings/test_forms.py:257: error: Function is missing a type annotation  [no-untyped-def]
tests/mailings/test_forms.py:267: error: Function is missing a type annotation  [no-untyped-def]
tests/mailings/test_forms.py:277: error: Function is missing a type annotation  [no-untyped-def]
tests/mailings/test_forms.py:295: error: Function is missing a type annotation  [no-untyped-def]
tests/mailings/test_forms.py:313: error: Function is missing a type annotation  [no-untyped-def]
tests/mailings/test_forms.py:322: error: Function is missing a type annotation  [no-untyped-def]
tests/mailings/test_forms.py:327: error: Function is missing a type annotation  [no-untyped-def]
tests/mailings/test_forms.py:332: error: Function is missing a type annotation  [no-untyped-def]
tests/mailings/test_forms.py:342: error: Function is missing a type annotation  [no-untyped-def]
tests/mailings/test_forms.py:349: error: Function is missing a type annotation  [no-untyped-def]
tests/mailings/test_forms.py:369: error: Function is missing a type annotation  [no-untyped-def]
tests/mailings/test_forms.py:381: error: Function is missing a type annotation  [no-untyped-def]
tests/mailings/test_forms.py:387: error: Function is missing a type annotation  [no-untyped-def]
apps/users/views.py:3: error: Cannot find implementation or library stub for module named "django.contrib"  [import-not-found]
apps/users/views.py:4: error: Cannot find implementation or library stub for module named "django.contrib.auth.decorators"  [import-not-found]
apps/users/views.py:5: error: Cannot find implementation or library stub for module named "django.contrib.auth.mixins"  [import-not-found]
apps/users/views.py:6: error: Cannot find implementation or library stub for module named "django.contrib.auth.views"  [import-not-found]
apps/users/views.py:7: error: Cannot find implementation or library stub for module named "django.core.mail"  [import-not-found]
apps/users/views.py:8: error: Cannot find implementation or library stub for module named "django.shortcuts"  [import-not-found]
apps/users/views.py:9: error: Cannot find implementation or library stub for module named "django.template.loader"  [import-not-found]
apps/users/views.py:10: error: Cannot find implementation or library stub for module named "django.urls"  [import-not-found]
apps/users/views.py:11: error: Cannot find implementation or library stub for module named "django.utils"  [import-not-found]
apps/users/views.py:12: error: Cannot find implementation or library stub for module named "django.views.generic"  [import-not-found]
apps/users/views.py:21: error: Function is missing a type annotation  [no-untyped-def]
apps/users/views.py:34: error: Function is missing a return type annotation  [no-untyped-def]
apps/users/views.py:52: error: Function is missing a type annotation  [no-untyped-def]
apps/users/views.py:86: error: Function is missing a type annotation  [no-untyped-def]
apps/users/views.py:101: error: Function is missing a type annotation  [no-untyped-def]
apps/users/views.py:104: error: Function is missing a type annotation  [no-untyped-def]
apps/users/views.py:112: error: Function is missing a type annotation  [no-untyped-def]
apps/users/views.py:135: error: Function is missing a type annotation  [no-untyped-def]
apps/users/views.py:143: error: Function is missing a type annotation  [no-untyped-def]
apps/users/views.py:155: error: Function is missing a type annotation  [no-untyped-def]
apps/users/views.py:156: error: Cannot find implementation or library stub for module named "django.db.models"  [import-not-found]
apps/users/views.py:170: error: Function is missing a type annotation  [no-untyped-def]
apps/mailings/scheduler.py:13: error: Cannot find implementation or library stub for module named "django.conf"  [import-not-found]
apps/mailings/scheduler.py:14: error: Cannot find implementation or library stub for module named "django.core.cache"  [import-not-found]
apps/mailings/scheduler.py:15: error: Cannot find implementation or library stub for module named "django.core.mail"  [import-not-found]
apps/mailings/scheduler.py:16: error: Cannot find implementation or library stub for module named "django.db.models"  [import-not-found]
apps/mailings/scheduler.py:17: error: Cannot find implementation or library stub for module named "django.utils"  [import-not-found]
apps/mailings/scheduler.py:24: error: Function is missing a return type annotation  [no-untyped-def]
apps/mailings/scheduler.py:24: note: Use "-> None" if function does not return a value
apps/mailings/scheduler.py:47: error: Function is missing a type annotation  [no-untyped-def]
apps/mailings/scheduler.py:82: error: Function is missing a type annotation  [no-untyped-def]
apps/mailings/scheduler.py:111: error: Function is missing a type annotation  [no-untyped-def]
apps/mailings/management/commands/send_mailing.py:7: error: Cannot find implementation or library stub for module named "django.conf"  [import-not-found]
apps/mailings/management/commands/send_mailing.py:8: error: Cannot find implementation or library stub for module named "django.core.mail"  [import-not-found]
apps/mailings/management/commands/send_mailing.py:9: error: Cannot find implementation or library stub for module named "django.core.management.base"  [import-not-found]
apps/mailings/management/commands/send_mailing.py:30: error: Function is missing a type annotation  [no-untyped-def]
apps/mailings/management/commands/send_mailing.py:34: error: Function is missing a type annotation  [no-untyped-def]
apps/mailings/management/commands/send_mailing.py:42: error: Function is missing a type annotation  [no-untyped-def]
apps/mailings/management/commands/send_mailing.py:79: error: Function is missing a type annotation  [no-untyped-def]
apps/core/services.py:5: error: Cannot find implementation or library stub for module named "django.db"  [import-not-found]
apps/core/services.py:6: error: Cannot find implementation or library stub for module named "django.db.models"  [import-not-found]
apps/core/services.py:46: error: Function is missing a return type annotation  [no-untyped-def]
apps/core/services.py:46: note: Use "-> None" if function does not return a value
apps/core/services.py:48: note: By default the bodies of untyped functions are not checked, consider using --check-untyped-defs  [annotation-unchecked]
apps/core/services.py:290: error: Returning Any from function declared to return "int"  [no-any-return]
apps/core/mixins.py:4: error: Cannot find implementation or library stub for module named "django.core.cache"  [import-not-found]
apps/core/mixins.py:5: error: Cannot find implementation or library stub for module named "django.db.models"  [import-not-found]
apps/core/mixins.py:65: error: Returning Any from function declared to return "bool"  [no-any-return]
apps/core/mixins.py:89: error: Function is missing a type annotation for one or more arguments  [no-untyped-def]
apps/core/mixins.py:114: error: Function is missing a type annotation for one or more arguments  [no-untyped-def]
apps/core/mixins.py:155: error: Function is missing a type annotation for one or more arguments  [no-untyped-def]
tests/mailings/test_scheduler.py:11: error: Cannot find implementation or library stub for module named "pytest"  [import-not-found]
tests/mailings/test_scheduler.py:12: error: Cannot find implementation or library stub for module named "django.utils"  [import-not-found]
tests/mailings/test_scheduler.py:18: error: Function is missing a type annotation  [no-untyped-def]
tests/mailings/test_scheduler.py:24: error: Function is missing a type annotation  [no-untyped-def]
tests/mailings/test_scheduler.py:30: error: Function is missing a type annotation  [no-untyped-def]
tests/mailings/test_scheduler.py:39: error: Function is missing a type annotation  [no-untyped-def]
tests/mailings/test_scheduler.py:53: error: Function is missing a type annotation  [no-untyped-def]
tests/mailings/test_scheduler.py:67: error: Function is missing a type annotation  [no-untyped-def]
tests/mailings/test_scheduler.py:81: error: Function is missing a type annotation  [no-untyped-def]
tests/mailings/test_scheduler.py:96: error: Function is missing a type annotation  [no-untyped-def]
tests/mailings/test_scheduler.py:115: error: Function is missing a type annotation  [no-untyped-def]
tests/mailings/test_scheduler.py:130: error: Function is missing a type annotation  [no-untyped-def]
tests/mailings/test_scheduler.py:146: error: Function is missing a type annotation  [no-untyped-def]
tests/mailings/test_scheduler.py:158: error: Function is missing a type annotation  [no-untyped-def]
tests/mailings/test_scheduler.py:170: error: Function is missing a type annotation  [no-untyped-def]
tests/mailings/test_scheduler.py:182: error: Function is missing a type annotation  [no-untyped-def]
tests/mailings/test_scheduler.py:199: error: Function is missing a type annotation  [no-untyped-def]
tests/mailings/test_scheduler.py:214: error: Function is missing a type annotation  [no-untyped-def]
tests/mailings/test_scheduler.py:246: error: Function is missing a type annotation  [no-untyped-def]
tests/mailings/test_scheduler.py:266: error: Function is missing a type annotation  [no-untyped-def]
tests/mailings/test_scheduler.py:283: error: Function is missing a type annotation  [no-untyped-def]
tests/mailings/test_scheduler.py:300: error: Function is missing a type annotation  [no-untyped-def]
tests/core/test_services.py:12: error: Cannot find implementation or library stub for module named "pytest"  [import-not-found]
tests/core/test_services.py:13: error: Cannot find implementation or library stub for module named "django.contrib.auth"  [import-not-found]
tests/core/test_services.py:45: error: Function is missing a return type annotation  [no-untyped-def]
tests/core/test_services.py:45: note: Use "-> None" if function does not return a value
tests/core/test_services.py:50: error: Function is missing a return type annotation  [no-untyped-def]
tests/core/test_services.py:50: note: Use "-> None" if function does not return a value
tests/core/test_services.py:57: error: Function is missing a return type annotation  [no-untyped-def]
tests/core/test_services.py:57: note: Use "-> None" if function does not return a value
tests/core/test_services.py:71: error: Function is missing a return type annotation  [no-untyped-def]
tests/core/test_services.py:71: note: Use "-> None" if function does not return a value
tests/core/test_services.py:77: error: Function is missing a return type annotation  [no-untyped-def]
tests/core/test_services.py:77: note: Use "-> None" if function does not return a value
tests/core/test_services.py:88: error: Function is missing a type annotation  [no-untyped-def]
tests/core/test_services.py:95: error: Function is missing a return type annotation  [no-untyped-def]
tests/core/test_services.py:95: note: Use "-> None" if function does not return a value
tests/core/test_services.py:103: error: Function is missing a return type annotation  [no-untyped-def]
tests/core/test_services.py:103: note: Use "-> None" if function does not return a value
tests/core/test_services.py:108: error: Function is missing a return type annotation  [no-untyped-def]
tests/core/test_services.py:108: note: Use "-> None" if function does not return a value
tests/core/test_services.py:119: error: Function is missing a return type annotation  [no-untyped-def]
tests/core/test_services.py:119: note: Use "-> None" if function does not return a value
tests/core/test_services.py:136: error: Function is missing a return type annotation  [no-untyped-def]
tests/core/test_services.py:136: note: Use "-> None" if function does not return a value
tests/core/test_services.py:142: error: Function is missing a return type annotation  [no-untyped-def]
tests/core/test_services.py:142: note: Use "-> None" if function does not return a value
tests/core/test_services.py:149: error: Function is missing a return type annotation  [no-untyped-def]
tests/core/test_services.py:149: note: Use "-> None" if function does not return a value
tests/core/test_services.py:158: error: Function is missing a return type annotation  [no-untyped-def]
tests/core/test_services.py:158: note: Use "-> None" if function does not return a value
tests/core/test_services.py:165: error: Function is missing a return type annotation  [no-untyped-def]
tests/core/test_services.py:165: note: Use "-> None" if function does not return a value
tests/core/test_services.py:178: error: Function is missing a type annotation  [no-untyped-def]
tests/core/test_services.py:190: error: Function is missing a type annotation  [no-untyped-def]
tests/core/test_services.py:202: error: Function is missing a type annotation  [no-untyped-def]
tests/core/test_services.py:211: error: Function is missing a type annotation  [no-untyped-def]
tests/core/test_services.py:221: error: Function is missing a type annotation  [no-untyped-def]
tests/core/test_services.py:231: error: Function is missing a type annotation  [no-untyped-def]
tests/core/test_services.py:243: error: Function is missing a type annotation  [no-untyped-def]
tests/core/test_services.py:253: error: Function is missing a return type annotation  [no-untyped-def]
tests/core/test_services.py:253: note: Use "-> None" if function does not return a value
tests/core/test_services.py:263: error: Function is missing a type annotation  [no-untyped-def]
tests/core/test_services.py:276: error: Function is missing a type annotation  [no-untyped-def]
tests/core/test_services.py:288: error: Function is missing a type annotation  [no-untyped-def]
tests/core/test_services.py:297: error: Function is missing a type annotation  [no-untyped-def]
tests/core/test_services.py:308: error: Function is missing a type annotation  [no-untyped-def]
tests/core/test_services.py:319: error: Function is missing a type annotation  [no-untyped-def]
tests/core/test_services.py:331: error: Function is missing a type annotation  [no-untyped-def]
tests/core/test_services.py:342: error: Function is missing a type annotation  [no-untyped-def]
tests/core/test_services.py:358: error: Function is missing a type annotation  [no-untyped-def]
tests/core/test_services.py:374: error: Function is missing a type annotation  [no-untyped-def]
tests/core/test_services.py:388: error: Function is missing a type annotation  [no-untyped-def]
tests/core/test_services.py:397: error: Function is missing a type annotation  [no-untyped-def]
tests/core/test_services.py:408: error: Function is missing a type annotation  [no-untyped-def]
tests/core/test_services.py:420: error: Function is missing a type annotation  [no-untyped-def]
tests/core/test_services.py:431: error: Function is missing a type annotation  [no-untyped-def]
tests/core/test_services.py:447: error: Function is missing a type annotation  [no-untyped-def]
tests/core/test_services.py:462: error: Function is missing a type annotation  [no-untyped-def]
tests/core/test_services.py:473: error: Function is missing a type annotation  [no-untyped-def]
tests/core/test_services.py:484: error: Function is missing a type annotation  [no-untyped-def]
tests/core/test_mixins.py:12: error: Cannot find implementation or library stub for module named "pytest"  [import-not-found]
tests/core/test_mixins.py:13: error: Cannot find implementation or library stub for module named "django.contrib.auth"  [import-not-found]
tests/core/test_mixins.py:30: error: Function is missing a return type annotation  [no-untyped-def]
tests/core/test_mixins.py:30: note: Use "-> None" if function does not return a value
tests/core/test_mixins.py:39: error: Function is missing a type annotation  [no-untyped-def]
tests/core/test_mixins.py:55: error: Function is missing a type annotation  [no-untyped-def]
tests/core/test_mixins.py:69: error: Function is missing a type annotation  [no-untyped-def]
tests/core/test_mixins.py:81: error: Function is missing a type annotation  [no-untyped-def]
tests/core/test_mixins.py:89: error: Function is missing a type annotation  [no-untyped-def]
tests/core/test_mixins.py:98: error: Function is missing a type annotation  [no-untyped-def]
tests/core/test_mixins.py:106: error: Function is missing a type annotation  [no-untyped-def]
tests/core/test_mixins.py:115: error: Function is missing a type annotation  [no-untyped-def]
tests/core/test_mixins.py:133: error: Function is missing a type annotation  [no-untyped-def]
tests/core/test_mixins.py:147: error: Function is missing a type annotation  [no-untyped-def]
tests/core/test_mixins.py:158: error: Function is missing a type annotation  [no-untyped-def]
tests/core/test_mixins.py:170: error: Function is missing a type annotation  [no-untyped-def]
tests/core/test_mixins.py:182: error: Function is missing a type annotation  [no-untyped-def]
tests/core/test_mixins.py:195: error: Function is missing a type annotation  [no-untyped-def]
tests/core/test_mixins.py:209: error: Function is missing a type annotation  [no-untyped-def]
tests/core/test_mixins.py:221: error: Function is missing a type annotation  [no-untyped-def]
tests/core/test_mixins.py:241: error: Function is missing a return type annotation  [no-untyped-def]
tests/core/test_mixins.py:241: note: Use "-> None" if function does not return a value
tests/core/test_mixins.py:249: error: Function is missing a return type annotation  [no-untyped-def]
tests/core/test_mixins.py:249: note: Use "-> None" if function does not return a value
tests/core/test_mixins.py:258: error: Function is missing a return type annotation  [no-untyped-def]
tests/core/test_mixins.py:258: note: Use "-> None" if function does not return a value
tests/core/test_mixins.py:268: error: Function is missing a return type annotation  [no-untyped-def]
tests/core/test_mixins.py:268: note: Use "-> None" if function does not return a value
tests/core/test_mixins.py:279: error: Function is missing a type annotation  [no-untyped-def]
tests/core/test_mixins.py:293: error: Function is missing a type annotation  [no-untyped-def]
tests/core/test_mixins.py:306: error: Function is missing a type annotation  [no-untyped-def]
tests/core/test_mixins.py:319: error: Function is missing a type annotation  [no-untyped-def]
tests/core/test_mixins.py:329: error: Function is missing a type annotation  [no-untyped-def]
tests/core/test_mixins.py:341: error: Function is missing a type annotation  [no-untyped-def]
tests/core/test_mixins.py:354: error: Function is missing a type annotation  [no-untyped-def]
apps/users/urls.py:1: error: Cannot find implementation or library stub for module named "django.contrib.auth"  [import-not-found]
apps/users/urls.py:2: error: Cannot find implementation or library stub for module named "django.urls"  [import-not-found]
apps/mailings/services.py:20: error: Function is missing a return type annotation  [no-untyped-def]
apps/mailings/services.py:20: note: Use "-> None" if function does not return a value
apps/mailings/services.py:23: error: Function is missing a type annotation  [no-untyped-def]
apps/mailings/services.py:31: error: Function is missing a return type annotation  [no-untyped-def]
apps/mailings/services.py:31: error: Function is missing a type annotation for one or more arguments  [no-untyped-def]
apps/mailings/services.py:31: error: Signature of "update" incompatible with supertype "BaseCRUDService"  [override]
apps/mailings/services.py:31: note:      Superclass:
apps/mailings/services.py:31: note:          def update(self, obj_id: int, data: dict[str, Any], user: Any | None = ...) -> Any | None
apps/mailings/services.py:31: note:      Subclass:
apps/mailings/services.py:31: note:          def update(self, obj_id: int, **kwargs: Any) -> Any
apps/mailings/services.py:39: error: Function is missing a return type annotation  [no-untyped-def]
apps/mailings/services.py:39: error: Function is missing a type annotation for one or more arguments  [no-untyped-def]
apps/mailings/services.py:39: error: Signature of "delete" incompatible with supertype "BaseCRUDService"  [override]
apps/mailings/services.py:39: note:      Superclass:
apps/mailings/services.py:39: note:          def delete(self, obj_id: int, user: Any | None = ..., soft: bool = ...) -> bool
apps/mailings/services.py:39: note:      Subclass:
apps/mailings/services.py:39: note:          def delete(self, obj_id: int, user: Any = ...) -> Any
apps/mailings/services.py:54: error: Function is missing a return type annotation  [no-untyped-def]
apps/mailings/services.py:54: note: Use "-> None" if function does not return a value
apps/mailings/services.py:57: error: Function is missing a type annotation  [no-untyped-def]
apps/mailings/services.py:65: error: Function is missing a return type annotation  [no-untyped-def]
apps/mailings/services.py:65: error: Function is missing a type annotation for one or more arguments  [no-untyped-def]
apps/mailings/services.py:65: error: Signature of "update" incompatible with supertype "BaseCRUDService"  [override]
apps/mailings/services.py:65: note:      Superclass:
apps/mailings/services.py:65: note:          def update(self, obj_id: int, data: dict[str, Any], user: Any | None = ...) -> Any | None
apps/mailings/services.py:65: note:      Subclass:
apps/mailings/services.py:65: note:          def update(self, obj_id: int, **kwargs: Any) -> Any
apps/mailings/services.py:73: error: Function is missing a return type annotation  [no-untyped-def]
apps/mailings/services.py:73: error: Function is missing a type annotation for one or more arguments  [no-untyped-def]
apps/mailings/services.py:73: error: Signature of "delete" incompatible with supertype "BaseCRUDService"  [override]
apps/mailings/services.py:73: note:      Superclass:
apps/mailings/services.py:73: note:          def delete(self, obj_id: int, user: Any | None = ..., soft: bool = ...) -> bool
apps/mailings/services.py:73: note:      Subclass:
apps/mailings/services.py:73: note:          def delete(self, obj_id: int, user: Any = ...) -> Any
apps/mailings/services.py:88: error: Function is missing a return type annotation  [no-untyped-def]
apps/mailings/services.py:88: note: Use "-> None" if function does not return a value
apps/mailings/services.py:91: error: Function is missing a type annotation  [no-untyped-def]
apps/mailings/services.py:99: error: Function is missing a return type annotation  [no-untyped-def]
apps/mailings/services.py:99: error: Function is missing a type annotation for one or more arguments  [no-untyped-def]
apps/mailings/services.py:99: error: Signature of "update" incompatible with supertype "BaseCRUDService"  [override]
apps/mailings/services.py:99: note:      Superclass:
apps/mailings/services.py:99: note:          def update(self, obj_id: int, data: dict[str, Any], user: Any | None = ...) -> Any | None
apps/mailings/services.py:99: note:      Subclass:
apps/mailings/services.py:99: note:          def update(self, obj_id: int, **kwargs: Any) -> Any
apps/mailings/services.py:107: error: Function is missing a return type annotation  [no-untyped-def]
apps/mailings/services.py:107: error: Function is missing a type annotation for one or more arguments  [no-untyped-def]
apps/mailings/services.py:107: error: Signature of "delete" incompatible with supertype "BaseCRUDService"  [override]
apps/mailings/services.py:107: note:      Superclass:
apps/mailings/services.py:107: note:          def delete(self, obj_id: int, user: Any | None = ..., soft: bool = ...) -> bool
apps/mailings/services.py:107: note:      Subclass:
apps/mailings/services.py:107: note:          def delete(self, obj_id: int, user: Any = ...) -> Any
apps/mailings/services.py:114: error: Function is missing a type annotation for one or more arguments  [no-untyped-def]
apps/mailings/services.py:132: error: Incompatible return value type (got "None", expected "Mailing")  [return-value]
apps/mailings/services.py:137: error: Incompatible return value type (got "None", expected "Mailing")  [return-value]
apps/mailings/services.py:140: error: Returning Any from function declared to return "Mailing"  [no-any-return]
apps/mailings/services.py:142: error: Function is missing a type annotation for one or more arguments  [no-untyped-def]
apps/mailings/services.py:160: error: Incompatible return value type (got "None", expected "Mailing")  [return-value]
apps/mailings/services.py:165: error: Incompatible return value type (got "None", expected "Mailing")  [return-value]
apps/mailings/services.py:168: error: Returning Any from function declared to return "Mailing"  [no-any-return]
apps/mailings/services.py:170: error: Function is missing a type annotation  [no-untyped-def]
apps/mailings/services.py:195: error: Function is missing a return type annotation  [no-untyped-def]
apps/mailings/services.py:195: note: Use "-> None" if function does not return a value
apps/mailings/services.py:198: error: Function is missing a type annotation  [no-untyped-def]
apps/mailings/services.py:202: error: Function is missing a return type annotation  [no-untyped-def]
apps/mailings/services.py:214: error: Function is missing a return type annotation  [no-untyped-def]
apps/mailings/services.py:226: error: Function is missing a return type annotation  [no-untyped-def]
apps/mailings/apps.py:8: error: Cannot find implementation or library stub for module named "django.apps"  [import-not-found]
apps/mailings/apps.py:9: error: Cannot find implementation or library stub for module named "django.utils"  [import-not-found]
apps/mailings/apps.py:24: error: Function is missing a return type annotation  [no-untyped-def]
apps/mailings/apps.py:24: note: Use "-> None" if function does not return a value
apps/mailings/apps.py:108: error: Function is missing a return type annotation  [no-untyped-def]
apps/mailings/apps.py:125: error: Cannot find implementation or library stub for module named "apscheduler.schedulers.background"  [import-not-found]
apps/mailings/apps.py:126: error: Cannot find implementation or library stub for module named "django_apscheduler.jobstores"  [import-not-found]
tests/mailings/test_services.py:13: error: Cannot find implementation or library stub for module named "pytest"  [import-not-found]
tests/mailings/test_services.py:14: error: Cannot find implementation or library stub for module named "django.contrib.auth"  [import-not-found]
tests/mailings/test_services.py:15: error: Cannot find implementation or library stub for module named "django.utils"  [import-not-found]
tests/mailings/test_services.py:24: error: Function is missing a type annotation  [no-untyped-def]
tests/mailings/test_services.py:30: error: Function is missing a type annotation  [no-untyped-def]
tests/mailings/test_services.py:39: error: Function is missing a type annotation  [no-untyped-def]
tests/mailings/test_services.py:50: error: Function is missing a type annotation  [no-untyped-def]
tests/mailings/test_services.py:60: error: Function is missing a type annotation  [no-untyped-def]
tests/mailings/test_services.py:77: error: Function is missing a type annotation  [no-untyped-def]
tests/mailings/test_services.py:89: error: Function is missing a type annotation  [no-untyped-def]
tests/mailings/test_services.py:102: error: Function is missing a type annotation  [no-untyped-def]
tests/mailings/test_services.py:122: error: Function is missing a type annotation  [no-untyped-def]
tests/mailings/test_services.py:133: error: Function is missing a type annotation  [no-untyped-def]
tests/mailings/test_services.py:143: error: Function is missing a type annotation  [no-untyped-def]
tests/mailings/test_services.py:157: error: Function is missing a type annotation  [no-untyped-def]
tests/mailings/test_services.py:169: error: Function is missing a type annotation  [no-untyped-def]
tests/mailings/test_services.py:186: error: Function is missing a type annotation  [no-untyped-def]
tests/mailings/test_services.py:201: error: Function is missing a type annotation  [no-untyped-def]
tests/mailings/test_services.py:229: error: Function is missing a type annotation  [no-untyped-def]
tests/mailings/test_services.py:248: error: Function is missing a type annotation  [no-untyped-def]
tests/mailings/test_services.py:271: error: Function is missing a type annotation  [no-untyped-def]
tests/mailings/test_services.py:297: error: Function is missing a type annotation  [no-untyped-def]
tests/mailings/test_services.py:319: error: Function is missing a type annotation  [no-untyped-def]
tests/mailings/test_services.py:344: error: Function is missing a type annotation  [no-untyped-def]
tests/mailings/test_services.py:357: error: Function is missing a type annotation  [no-untyped-def]
tests/mailings/test_services.py:370: error: Function is missing a type annotation  [no-untyped-def]
tests/mailings/test_services.py:406: error: Function is missing a type annotation  [no-untyped-def]
tests/mailings/test_services.py:428: error: Function is missing a type annotation  [no-untyped-def]
tests/mailings/test_services.py:451: error: Function is missing a type annotation  [no-untyped-def]
tests/mailings/test_services.py:478: error: Function is missing a type annotation  [no-untyped-def]
apps/mailings/views.py:3: error: Cannot find implementation or library stub for module named "django.conf"  [import-not-found]
apps/mailings/views.py:4: error: Cannot find implementation or library stub for module named "django.contrib"  [import-not-found]
apps/mailings/views.py:5: error: Cannot find implementation or library stub for module named "django.contrib.auth.mixins"  [import-not-found]
apps/mailings/views.py:6: error: Cannot find implementation or library stub for module named "django.core.cache"  [import-not-found]
apps/mailings/views.py:7: error: Cannot find implementation or library stub for module named "django.core.mail"  [import-not-found]
apps/mailings/views.py:8: error: Cannot find implementation or library stub for module named "django.shortcuts"  [import-not-found]
apps/mailings/views.py:9: error: Cannot find implementation or library stub for module named "django.urls"  [import-not-found]
apps/mailings/views.py:10: error: Cannot find implementation or library stub for module named "django.views"  [import-not-found]
apps/mailings/views.py:11: error: Cannot find implementation or library stub for module named "django.views.generic"  [import-not-found]
apps/mailings/views.py:20: error: Function is missing a type annotation  [no-untyped-def]
apps/mailings/views.py:85: error: Function is missing a return type annotation  [no-untyped-def]
apps/mailings/views.py:99: error: Function is missing a type annotation  [no-untyped-def]
apps/mailings/views.py:110: error: Function is missing a return type annotation  [no-untyped-def]
apps/mailings/views.py:117: error: Function is missing a type annotation  [no-untyped-def]
apps/mailings/views.py:123: error: Function is missing a type annotation  [no-untyped-def]
apps/mailings/views.py:126: error: Cannot find implementation or library stub for module named "django.core.exceptions"  [import-not-found]
apps/mailings/views.py:137: error: Function is missing a return type annotation  [no-untyped-def]
apps/mailings/views.py:148: error: Function is missing a return type annotation  [no-untyped-def]
apps/mailings/views.py:162: error: Function is missing a type annotation  [no-untyped-def]
apps/mailings/views.py:173: error: Function is missing a return type annotation  [no-untyped-def]
apps/mailings/views.py:182: error: Function is missing a return type annotation  [no-untyped-def]
apps/mailings/views.py:193: error: Function is missing a return type annotation  [no-untyped-def]
apps/mailings/views.py:200: error: Function is missing a type annotation  [no-untyped-def]
apps/mailings/views.py:218: error: Function is missing a return type annotation  [no-untyped-def]
apps/mailings/views.py:223: error: Function is missing a type annotation  [no-untyped-def]
apps/mailings/views.py:234: error: Function is missing a return type annotation  [no-untyped-def]
apps/mailings/views.py:239: error: Function is missing a return type annotation  [no-untyped-def]
apps/mailings/views.py:246: error: Function is missing a type annotation  [no-untyped-def]
apps/mailings/views.py:252: error: Function is missing a type annotation  [no-untyped-def]
apps/mailings/views.py:266: error: Function is missing a return type annotation  [no-untyped-def]
apps/mailings/views.py:278: error: Function is missing a return type annotation  [no-untyped-def]
apps/mailings/views.py:295: error: Function is missing a return type annotation  [no-untyped-def]
apps/mailings/views.py:297: error: Cannot find implementation or library stub for module named "django.db.models"  [import-not-found]
apps/mailings/views.py:337: error: Function is missing a type annotation  [no-untyped-def]
apps/mailings/views.py:345: error: Function is missing a type annotation  [no-untyped-def]
apps/mailings/views.py:368: error: Function is missing a type annotation  [no-untyped-def]
apps/mailings/views.py:407: error: Function is missing a type annotation  [no-untyped-def]
apps/mailings/views.py:421: error: Function is missing a type annotation  [no-untyped-def]
apps/mailings/views.py:478: error: Function is missing a type annotation  [no-untyped-def]
apps/mailings/views.py:479: error: Cannot find implementation or library stub for module named "django.http"  [import-not-found]
config/urls.py:18: error: Cannot find implementation or library stub for module named "django.conf"  [import-not-found]
config/urls.py:19: error: Cannot find implementation or library stub for module named "django.conf.urls.static"  [import-not-found]
config/urls.py:20: error: Cannot find implementation or library stub for module named "django.contrib"  [import-not-found]
config/urls.py:21: error: Cannot find implementation or library stub for module named "django.urls"  [import-not-found]
apps/mailings/urls.py:1: error: Cannot find implementation or library stub for module named "django.urls"  [import-not-found]
Found 702 errors in 63 files (checked 79 source files)